This is pdfTeX, Version 3.14159265-2.6-1.40.19 (MiKTeX 2.9.6630 64-bit) (preloaded format=pdflatex 2018.5.9)  23 JUL 2018 19:33
entering extended mode
**./17Apr2018_Draft1.tex
(17Apr2018_Draft1.tex
LaTeX2e <2017-04-15>
Babel <3.18> and hyphenation patterns for 75 language(s) loaded.
("C:\Users\AKS\AppData\Local\Programs\MiKTeX 2.9\tex\latex\base\article.cls"
Document Class: article 2014/09/29 v1.4h Standard LaTeX document class
("C:\Users\AKS\AppData\Local\Programs\MiKTeX 2.9\tex\latex\base\size12.clo"
File: size12.clo 2014/09/29 v1.4h Standard LaTeX file (size option)
)
\c@part=\count79
\c@section=\count80
\c@subsection=\count81
\c@subsubsection=\count82
\c@paragraph=\count83
\c@subparagraph=\count84
\c@figure=\count85
\c@table=\count86
\abovecaptionskip=\skip41
\belowcaptionskip=\skip42
\bibindent=\dimen102
)
("C:\Users\AKS\AppData\Local\Programs\MiKTeX 2.9\tex\latex\amsmath\amsmath.sty"
Package: amsmath 2017/09/02 v2.17a AMS math features
\@mathmargin=\skip43
For additional information on amsmath, use the `?' option.
("C:\Users\AKS\AppData\Local\Programs\MiKTeX 2.9\tex\latex\amsmath\amstext.sty"
Package: amstext 2000/06/29 v2.01 AMS text
("C:\Users\AKS\AppData\Local\Programs\MiKTeX 2.9\tex\latex\amsmath\amsgen.sty"
File: amsgen.sty 1999/11/30 v2.0 generic functions
\@emptytoks=\toks14
\ex@=\dimen103
)) ("C:\Users\AKS\AppData\Local\Programs\MiKTeX 2.9\tex\latex\amsmath\amsbsy.st
y"
Package: amsbsy 1999/11/29 v1.2d Bold Symbols
\pmbraise@=\dimen104
) ("C:\Users\AKS\AppData\Local\Programs\MiKTeX 2.9\tex\latex\amsmath\amsopn.sty
"
Package: amsopn 2016/03/08 v2.02 operator names
)
\inf@bad=\count87
LaTeX Info: Redefining \frac on input line 213.
\uproot@=\count88
\leftroot@=\count89
LaTeX Info: Redefining \overline on input line 375.
\classnum@=\count90
\DOTSCASE@=\count91
LaTeX Info: Redefining \ldots on input line 472.
LaTeX Info: Redefining \dots on input line 475.
LaTeX Info: Redefining \cdots on input line 596.
\Mathstrutbox@=\box26
\strutbox@=\box27
\big@size=\dimen105
LaTeX Font Info:    Redeclaring font encoding OML on input line 712.
LaTeX Font Info:    Redeclaring font encoding OMS on input line 713.
\macc@depth=\count92
\c@MaxMatrixCols=\count93
\dotsspace@=\muskip10
\c@parentequation=\count94
\dspbrk@lvl=\count95
\tag@help=\toks15
\row@=\count96
\column@=\count97
\maxfields@=\count98
\andhelp@=\toks16
\eqnshift@=\dimen106
\alignsep@=\dimen107
\tagshift@=\dimen108
\tagwidth@=\dimen109
\totwidth@=\dimen110
\lineht@=\dimen111
\@envbody=\toks17
\multlinegap=\skip44
\multlinetaggap=\skip45
\mathdisplay@stack=\toks18
LaTeX Info: Redefining \[ on input line 2817.
LaTeX Info: Redefining \] on input line 2818.
)
("C:\Users\AKS\AppData\Local\Programs\MiKTeX 2.9\tex\latex\graphics\graphicx.st
y"
Package: graphicx 2017/06/01 v1.1a Enhanced LaTeX Graphics (DPC,SPQR)

("C:\Users\AKS\AppData\Local\Programs\MiKTeX 2.9\tex\latex\graphics\keyval.sty"
Package: keyval 2014/10/28 v1.15 key=value parser (DPC)
\KV@toks@=\toks19
)
("C:\Users\AKS\AppData\Local\Programs\MiKTeX 2.9\tex\latex\graphics\graphics.st
y"
Package: graphics 2017/06/25 v1.2c Standard LaTeX Graphics (DPC,SPQR)
 ("C:\Users\AKS\AppData\Local\Programs\MiKTeX 2.9\tex\latex\graphics\trig.sty"
Package: trig 2016/01/03 v1.10 sin cos tan (DPC)
)
("C:\Users\AKS\AppData\Local\Programs\MiKTeX 2.9\tex\latex\graphics-cfg\graphic
s.cfg"
File: graphics.cfg 2016/06/04 v1.11 sample graphics configuration
)
Package graphics Info: Driver file: pdftex.def on input line 99.

("C:\Users\AKS\AppData\Local\Programs\MiKTeX 2.9\tex\latex\graphics-def\pdftex.
def"
File: pdftex.def 2018/01/08 v1.0l Graphics/color driver for pdftex
))
\Gin@req@height=\dimen112
\Gin@req@width=\dimen113
)
("C:\Users\AKS\AppData\Local\Programs\MiKTeX 2.9\tex\latex\geometry\geometry.st
y"
Package: geometry 2010/09/12 v5.6 Page Geometry

("C:\Users\AKS\AppData\Local\Programs\MiKTeX 2.9\tex\generic\oberdiek\ifpdf.sty
"
Package: ifpdf 2017/03/15 v3.2 Provides the ifpdf switch
)
("C:\Users\AKS\AppData\Local\Programs\MiKTeX 2.9\tex\generic\oberdiek\ifvtex.st
y"
Package: ifvtex 2016/05/16 v1.6 Detect VTeX and its facilities (HO)
Package ifvtex Info: VTeX not detected.
)
("C:\Users\AKS\AppData\Local\Programs\MiKTeX 2.9\tex\generic\ifxetex\ifxetex.st
y"
Package: ifxetex 2010/09/12 v0.6 Provides ifxetex conditional
)
\Gm@cnth=\count99
\Gm@cntv=\count100
\c@Gm@tempcnt=\count101
\Gm@bindingoffset=\dimen114
\Gm@wd@mp=\dimen115
\Gm@odd@mp=\dimen116
\Gm@even@mp=\dimen117
\Gm@layoutwidth=\dimen118
\Gm@layoutheight=\dimen119
\Gm@layouthoffset=\dimen120
\Gm@layoutvoffset=\dimen121
\Gm@dimlist=\toks20

("C:\Users\AKS\AppData\Local\Programs\MiKTeX 2.9\tex\latex\geometry\geometry.cf
g"))
("C:\Users\AKS\AppData\Local\Programs\MiKTeX 2.9\tex\latex\caption\subcaption.s
ty"
Package: subcaption 2018/05/01 v1.1-162 Sub-captions (AR)

("C:\Users\AKS\AppData\Local\Programs\MiKTeX 2.9\tex\latex\caption\caption.sty"
Package: caption 2018/05/01 v3.3-147 Customizing captions (AR)
("C:\Users\AKS\AppData\Local\Programs\MiKTeX 2.9\tex\latex\caption\caption3.sty
"
Package: caption3 2018/05/27 v1.8a caption3 kernel (AR)
Package caption3 Info: TeX engine: e-TeX on input line 64.
\captionmargin=\dimen122
\captionmargin@=\dimen123
\captionwidth=\dimen124
\caption@tempdima=\dimen125
\caption@indent=\dimen126
\caption@parindent=\dimen127
\caption@hangindent=\dimen128
)
\c@ContinuedFloat=\count102
)
\c@subfigure=\count103
\c@subtable=\count104
)
("C:\Users\AKS\AppData\Local\Programs\MiKTeX 2.9\tex\latex\tools\verbatim.sty"
Package: verbatim 2014/10/28 v1.5q LaTeX2e package for verbatim enhancements
\every@verbatim=\toks21
\verbatim@line=\toks22
\verbatim@in@stream=\read1
)
("C:\Users\AKS\AppData\Local\Programs\MiKTeX 2.9\tex\latex\tools\indentfirst.st
y"
Package: indentfirst 1995/11/23 v1.03 Indent first paragraph (DPC)
) (17Apr2018_Draft1.aux)
\openout1 = `17Apr2018_Draft1.aux'.

LaTeX Font Info:    Checking defaults for OML/cmm/m/it on input line 24.
LaTeX Font Info:    ... okay on input line 24.
LaTeX Font Info:    Checking defaults for T1/cmr/m/n on input line 24.
LaTeX Font Info:    ... okay on input line 24.
LaTeX Font Info:    Checking defaults for OT1/cmr/m/n on input line 24.
LaTeX Font Info:    ... okay on input line 24.
LaTeX Font Info:    Checking defaults for OMS/cmsy/m/n on input line 24.
LaTeX Font Info:    ... okay on input line 24.
LaTeX Font Info:    Checking defaults for OMX/cmex/m/n on input line 24.
LaTeX Font Info:    ... okay on input line 24.
LaTeX Font Info:    Checking defaults for U/cmr/m/n on input line 24.
LaTeX Font Info:    ... okay on input line 24.

("C:\Users\AKS\AppData\Local\Programs\MiKTeX 2.9\tex\context\base\supp-pdf.mkii
"
[Loading MPS to PDF converter (version 2006.09.02).]
\scratchcounter=\count105
\scratchdimen=\dimen129
\scratchbox=\box28
\nofMPsegments=\count106
\nofMParguments=\count107
\everyMPshowfont=\toks23
\MPscratchCnt=\count108
\MPscratchDim=\dimen130
\MPnumerator=\count109
\makeMPintoPDFobject=\count110
\everyMPtoPDFconversion=\toks24
)
("C:\Users\AKS\AppData\Local\Programs\MiKTeX 2.9\tex\latex\oberdiek\epstopdf-ba
se.sty"
Package: epstopdf-base 2016/05/15 v2.6 Base part for package epstopdf

("C:\Users\AKS\AppData\Local\Programs\MiKTeX 2.9\tex\generic\oberdiek\infwarerr
.sty"
Package: infwarerr 2016/05/16 v1.4 Providing info/warning/error messages (HO)
)
("C:\Users\AKS\AppData\Local\Programs\MiKTeX 2.9\tex\latex\oberdiek\grfext.sty"
Package: grfext 2016/05/16 v1.2 Manage graphics extensions (HO)

("C:\Users\AKS\AppData\Local\Programs\MiKTeX 2.9\tex\generic\oberdiek\kvdefinek
eys.sty"
Package: kvdefinekeys 2016/05/16 v1.4 Define keys (HO)

("C:\Users\AKS\AppData\Local\Programs\MiKTeX 2.9\tex\generic\oberdiek\ltxcmds.s
ty"
Package: ltxcmds 2016/05/16 v1.23 LaTeX kernel commands for general use (HO)
)))
("C:\Users\AKS\AppData\Local\Programs\MiKTeX 2.9\tex\latex\oberdiek\kvoptions.s
ty"
Package: kvoptions 2016/05/16 v3.12 Key value format for package options (HO)

("C:\Users\AKS\AppData\Local\Programs\MiKTeX 2.9\tex\generic\oberdiek\kvsetkeys
.sty"
Package: kvsetkeys 2016/05/16 v1.17 Key value parser (HO)

("C:\Users\AKS\AppData\Local\Programs\MiKTeX 2.9\tex\generic\oberdiek\etexcmds.
sty"
Package: etexcmds 2016/05/16 v1.6 Avoid name clashes with e-TeX commands (HO)

("C:\Users\AKS\AppData\Local\Programs\MiKTeX 2.9\tex\generic\oberdiek\ifluatex.
sty"
Package: ifluatex 2016/05/16 v1.4 Provides the ifluatex switch (HO)
Package ifluatex Info: LuaTeX not detected.
)
Package etexcmds Info: Could not find \expanded.
(etexcmds)             That can mean that you are not using pdfTeX 1.50 or
(etexcmds)             that some package has redefined \expanded.
(etexcmds)             In the latter case, load this package earlier.
)))
("C:\Users\AKS\AppData\Local\Programs\MiKTeX 2.9\tex\generic\oberdiek\pdftexcmd
s.sty"
Package: pdftexcmds 2018/01/21 v0.26 Utility functions of pdfTeX for LuaTeX (HO
)
Package pdftexcmds Info: LuaTeX not detected.
Package pdftexcmds Info: \pdf@primitive is available.
Package pdftexcmds Info: \pdf@ifprimitive is available.
Package pdftexcmds Info: \pdfdraftmode found.
)
Package epstopdf-base Info: Redefining graphics rule for `.eps' on input line 4
38.
Package grfext Info: Graphics extension search list:
(grfext)             [.pdf,.png,.jpg,.mps,.jpeg,.jbig2,.jb2,.PDF,.PNG,.JPG,.JPE
G,.JBIG2,.JB2,.eps]
(grfext)             \AppendGraphicsExtensions on input line 456.
)
*geometry* driver: auto-detecting
*geometry* detected driver: pdftex
*geometry* verbose mode - [ preamble ] result:
* driver: pdftex
* paper: <default>
* layout: <same size as paper>
* layoutoffset:(h,v)=(0.0pt,0.0pt)
* modes: 
* h-part:(L,W,R)=(92.14519pt, 430.00462pt, 92.14519pt)
* v-part:(T,H,B)=(95.39737pt, 556.47656pt, 143.09605pt)
* \paperwidth=614.295pt
* \paperheight=794.96999pt
* \textwidth=430.00462pt
* \textheight=556.47656pt
* \oddsidemargin=19.8752pt
* \evensidemargin=19.8752pt
* \topmargin=-13.87262pt
* \headheight=12.0pt
* \headsep=25.0pt
* \topskip=12.0pt
* \footskip=30.0pt
* \marginparwidth=44.0pt
* \marginparsep=10.0pt
* \columnsep=10.0pt
* \skip\footins=10.8pt plus 4.0pt minus 2.0pt
* \hoffset=0.0pt
* \voffset=0.0pt
* \mag=1000
* \@twocolumnfalse
* \@twosidefalse
* \@mparswitchfalse
* \@reversemarginfalse
* (1in=72.27pt=25.4mm, 1cm=28.453pt)

Package caption Info: Begin \AtBeginDocument code.
Package caption Info: End \AtBeginDocument code.
Missing character: There is no ƒ in font cmr12!
Missing character: There is no ç in font cmr12!
[1

{C:/Users/AKS/AppData/Local/MiKTeX/2.9/pdftex/config/pdftex.map}] [2]
[3]
Underfull \hbox (badness 10000) in paragraph at lines 184--192

 []

[4]
<H:/Dropbox/Research/Experiment/Results/PMMA_SensCoeff.png, id=23, 426.75435pt 
x 426.75435pt>
File: H:/Dropbox/Research/Experiment/Results/PMMA_SensCoeff.png Graphic file (t
ype png)
<use H:/Dropbox/Research/Experiment/Results/PMMA_SensCoeff.png>
Package pdftex.def Info: H:/Dropbox/Research/Experiment/Results/PMMA_SensCoeff.
png  used on input line 316.
(pdftex.def)             Requested size: 199.16803pt x 199.16803pt.
<H:/Dropbox/Research/Experiment/Results/PMMA_std_diff_NOerror_GREYSCALE.png, id
=25, 426.75435pt x 426.75435pt>
File: H:/Dropbox/Research/Experiment/Results/PMMA_std_diff_NOerror_GREYSCALE.pn
g Graphic file (type png)
<use H:/Dropbox/Research/Experiment/Results/PMMA_std_diff_NOerror_GREYSCALE.png
>
Package pdftex.def Info: H:/Dropbox/Research/Experiment/Results/PMMA_std_diff_N
Oerror_GREYSCALE.png  used on input line 321.
(pdftex.def)             Requested size: 199.16803pt x 199.16803pt.
<H:/Dropbox/Research/Experiment/Results/PMMA_std_witherror_GREYSCALE.png, id=26
, 426.75435pt x 426.75435pt>
File: H:/Dropbox/Research/Experiment/Results/PMMA_std_witherror_GREYSCALE.png G
raphic file (type png)
<use H:/Dropbox/Research/Experiment/Results/PMMA_std_witherror_GREYSCALE.png>
Package pdftex.def Info: H:/Dropbox/Research/Experiment/Results/PMMA_std_wither
ror_GREYSCALE.png  used on input line 326.
(pdftex.def)             Requested size: 199.16803pt x 199.16803pt.
<H:/Dropbox/Research/Experiment/Results/PMMA_diff_witherror_GREYSCALE.png, id=2
7, 426.75435pt x 426.75435pt>
File: H:/Dropbox/Research/Experiment/Results/PMMA_diff_witherror_GREYSCALE.png 
Graphic file (type png)
<use H:/Dropbox/Research/Experiment/Results/PMMA_diff_witherror_GREYSCALE.png>
Package pdftex.def Info: H:/Dropbox/Research/Experiment/Results/PMMA_diff_withe
rror_GREYSCALE.png  used on input line 331.
(pdftex.def)             Requested size: 199.16803pt x 199.16803pt.
<H:/Dropbox/Research/Experiment/Results/XPS_SensCoeff.png, id=28, 426.75435pt x
 426.75435pt>
File: H:/Dropbox/Research/Experiment/Results/XPS_SensCoeff.png Graphic file (ty
pe png)
<use H:/Dropbox/Research/Experiment/Results/XPS_SensCoeff.png>
Package pdftex.def Info: H:/Dropbox/Research/Experiment/Results/XPS_SensCoeff.p
ng  used on input line 342.
(pdftex.def)             Requested size: 199.16803pt x 199.16803pt.
<H:/Dropbox/Research/Experiment/Results/XPS_std_diff_NOerror_GREYSCALE.png, id=
29, 426.75435pt x 426.75435pt>
File: H:/Dropbox/Research/Experiment/Results/XPS_std_diff_NOerror_GREYSCALE.png
 Graphic file (type png)
<use H:/Dropbox/Research/Experiment/Results/XPS_std_diff_NOerror_GREYSCALE.png>

Package pdftex.def Info: H:/Dropbox/Research/Experiment/Results/XPS_std_diff_NO
error_GREYSCALE.png  used on input line 347.
(pdftex.def)             Requested size: 199.16803pt x 199.16803pt.
<H:/Dropbox/Research/Experiment/Results/XPS_std_witherror_GREYSCALE.png, id=30,
 426.75435pt x 426.75435pt>
File: H:/Dropbox/Research/Experiment/Results/XPS_std_witherror_GREYSCALE.png Gr
aphic file (type png)
<use H:/Dropbox/Research/Experiment/Results/XPS_std_witherror_GREYSCALE.png>
Package pdftex.def Info: H:/Dropbox/Research/Experiment/Results/XPS_std_witherr
or_GREYSCALE.png  used on input line 352.
(pdftex.def)             Requested size: 199.16803pt x 199.16803pt.
<H:/Dropbox/Research/Experiment/Results/XPS_diff_witherror_GREYSCALE.png, id=31
, 426.75435pt x 426.75435pt>
File: H:/Dropbox/Research/Experiment/Results/XPS_diff_witherror_GREYSCALE.png G
raphic file (type png)
<use H:/Dropbox/Research/Experiment/Results/XPS_diff_witherror_GREYSCALE.png>
Package pdftex.def Info: H:/Dropbox/Research/Experiment/Results/XPS_diff_wither
ror_GREYSCALE.png  used on input line 357.
(pdftex.def)             Requested size: 199.16803pt x 199.16803pt.
<H:/Dropbox/Research/Experiment/Results/Straw_SensCoeff.png, id=32, 426.75435pt
 x 426.75435pt>
File: H:/Dropbox/Research/Experiment/Results/Straw_SensCoeff.png Graphic file (
type png)
<use H:/Dropbox/Research/Experiment/Results/Straw_SensCoeff.png>
Package pdftex.def Info: H:/Dropbox/Research/Experiment/Results/Straw_SensCoeff
.png  used on input line 369.
(pdftex.def)             Requested size: 199.16803pt x 199.16803pt.
<H:/Dropbox/Research/Experiment/Results/Straw_std_diff_NOerror_GREYSCALE.png, i
d=33, 426.75435pt x 426.75435pt>
File: H:/Dropbox/Research/Experiment/Results/Straw_std_diff_NOerror_GREYSCALE.p
ng Graphic file (type png)
<use H:/Dropbox/Research/Experiment/Results/Straw_std_diff_NOerror_GREYSCALE.pn
g>
Package pdftex.def Info: H:/Dropbox/Research/Experiment/Results/Straw_std_diff_
NOerror_GREYSCALE.png  used on input line 374.
(pdftex.def)             Requested size: 199.16803pt x 199.16803pt.
<H:/Dropbox/Research/Experiment/Results/Straw_std_witherror_GREYSCALE.png, id=3
4, 426.75435pt x 426.75435pt>
File: H:/Dropbox/Research/Experiment/Results/Straw_std_witherror_GREYSCALE.png 
Graphic file (type png)
<use H:/Dropbox/Research/Experiment/Results/Straw_std_witherror_GREYSCALE.png>
Package pdftex.def Info: H:/Dropbox/Research/Experiment/Results/Straw_std_withe
rror_GREYSCALE.png  used on input line 379.
(pdftex.def)             Requested size: 199.16803pt x 199.16803pt.
<H:/Dropbox/Research/Experiment/Results/Straw_diff_witherror_GREYSCALE.png, id=
35, 426.75435pt x 426.75435pt>
File: H:/Dropbox/Research/Experiment/Results/Straw_diff_witherror_GREYSCALE.png
 Graphic file (type png)
<use H:/Dropbox/Research/Experiment/Results/Straw_diff_witherror_GREYSCALE.png>

Package pdftex.def Info: H:/Dropbox/Research/Experiment/Results/Straw_diff_with
error_GREYSCALE.png  used on input line 384.
(pdftex.def)             Requested size: 199.16803pt x 199.16803pt.
 [5] [6 <H:/Dropbox/Research/Experiment/Results/PMMA_SensCoeff.png> <H:/Dropbox
/Research/Experiment/Results/PMMA_std_diff_NOerror_GREYSCALE.png> <H:/Dropbox/R
esearch/Experiment/Results/PMMA_std_witherror_GREYSCALE.png> <H:/Dropbox/Resear
ch/Experiment/Results/PMMA_diff_witherror_GREYSCALE.png>] [7 <H:/Dropbox/Resear
ch/Experiment/Results/XPS_SensCoeff.png> <H:/Dropbox/Research/Experiment/Result
s/XPS_std_diff_NOerror_GREYSCALE.png> <H:/Dropbox/Research/Experiment/Results/X
PS_std_witherror_GREYSCALE.png> <H:/Dropbox/Research/Experiment/Results/XPS_dif
f_witherror_GREYSCALE.png>] [8 <H:/Dropbox/Research/Experiment/Results/Straw_Se
nsCoeff.png> <H:/Dropbox/Research/Experiment/Results/Straw_std_diff_NOerror_GRE
YSCALE.png> <H:/Dropbox/Research/Experiment/Results/Straw_std_witherror_GREYSCA
LE.png> <H:/Dropbox/Research/Experiment/Results/Straw_diff_witherror_GREYSCALE.
png>] (17Apr2018_Draft1.aux) ) 
Here is how much of TeX's memory you used:
 3776 strings out of 493305
 61383 string characters out of 3130673
 131484 words of memory out of 3000000
 7280 multiletter control sequences out of 15000+200000
 8561 words of font info for 31 fonts, out of 3000000 for 9000
 1141 hyphenation exceptions out of 8191
 42i,9n,40p,799b,452s stack positions out of 5000i,500n,10000p,200000b,50000s
<C:/Users/AKS/AppData/Local/Programs/MiKTeX 2.9/f
onts/type1/public/amsfonts/cm/cmbx12.pfb><C:/Users/AKS/AppData/Local/Programs/M
iKTeX 2.9/fonts/type1/public/amsfonts/cm/cmex10.pfb><C:/Users/AKS/AppData/Local
/Programs/MiKTeX 2.9/fonts/type1/public/amsfonts/cm/cmmi12.pfb><C:/Users/AKS/Ap
pData/Local/Programs/MiKTeX 2.9/fonts/type1/public/amsfonts/cm/cmmi8.pfb><C:/Us
ers/AKS/AppData/Local/Programs/MiKTeX 2.9/fonts/type1/public/amsfonts/cm/cmr10.
pfb><C:/Users/AKS/AppData/Local/Programs/MiKTeX 2.9/fonts/type1/public/amsfonts
/cm/cmr12.pfb><C:/Users/AKS/AppData/Local/Programs/MiKTeX 2.9/fonts/type1/publi
c/amsfonts/cm/cmr8.pfb><C:/Users/AKS/AppData/Local/Programs/MiKTeX 2.9/fonts/ty
pe1/public/amsfonts/cm/cmsy10.pfb><C:/Users/AKS/AppData/Local/Programs/MiKTeX 2
.9/fonts/type1/public/amsfonts/cm/cmsy6.pfb><C:/Users/AKS/AppData/Local/Program
s/MiKTeX 2.9/fonts/type1/public/amsfonts/cm/cmsy8.pfb>
Output written on 17Apr2018_Draft1.pdf (8 pages, 2215219 bytes).
PDF statistics:
 94 PDF objects out of 1000 (max. 8388607)
 0 named destinations out of 1000 (max. 500000)
 61 words of extra memory for PDF output out of 10000 (max. 10000000)

