This is pdfTeX, Version 3.1415926-2.5-1.40.14 (MiKTeX 2.9) (preloaded format=pdflatex 2015.4.17)  30 APR 2018 17:12
entering extended mode
**30Apr2018_Draft1.tex
("H:\Dropbox\Research\Thesis Drafts\TeX\30Apr2018_Draft1.tex"
LaTeX2e <2011/06/27>
Babel <v3.8m> and hyphenation patterns for english, afrikaans, ancientgreek, ar
abic, armenian, assamese, basque, bengali, bokmal, bulgarian, catalan, coptic, 
croatian, czech, danish, dutch, esperanto, estonian, farsi, finnish, french, ga
lician, german, german-x-2013-05-26, greek, gujarati, hindi, hungarian, iceland
ic, indonesian, interlingua, irish, italian, kannada, kurmanji, latin, latvian,
 lithuanian, malayalam, marathi, mongolian, mongolianlmc, monogreek, ngerman, n
german-x-2013-05-26, nynorsk, oriya, panjabi, pinyin, polish, portuguese, roman
ian, russian, sanskrit, serbian, slovak, slovenian, spanish, swedish, swissgerm
an, tamil, telugu, turkish, turkmen, ukenglish, ukrainian, uppersorbian, usengl
ishmax, welsh, loaded.
(H:\MikTeX\tex\latex\base\report.cls
Document Class: report 2007/10/19 v1.4h Standard LaTeX document class
(H:\MikTeX\tex\latex\base\size12.clo
File: size12.clo 2007/10/19 v1.4h Standard LaTeX file (size option)
)
\c@part=\count79
\c@chapter=\count80
\c@section=\count81
\c@subsection=\count82
\c@subsubsection=\count83
\c@paragraph=\count84
\c@subparagraph=\count85
\c@figure=\count86
\c@table=\count87
\abovecaptionskip=\skip41
\belowcaptionskip=\skip42
\bibindent=\dimen102
) (H:\MikTeX\tex\latex\amsmath\amsmath.sty
Package: amsmath 2013/01/14 v2.14 AMS math features
\@mathmargin=\skip43
For additional information on amsmath, use the `?' option.
(H:\MikTeX\tex\latex\amsmath\amstext.sty
Package: amstext 2000/06/29 v2.01

(H:\MikTeX\tex\latex\amsmath\amsgen.sty
File: amsgen.sty 1999/11/30 v2.0
\@emptytoks=\toks14
\ex@=\dimen103
))
(H:\MikTeX\tex\latex\amsmath\amsbsy.sty
Package: amsbsy 1999/11/29 v1.2d
\pmbraise@=\dimen104
)
(H:\MikTeX\tex\latex\amsmath\amsopn.sty
Package: amsopn 1999/12/14 v2.01 operator names
)
\inf@bad=\count88
LaTeX Info: Redefining \frac on input line 210.
\uproot@=\count89
\leftroot@=\count90
LaTeX Info: Redefining \overline on input line 306.
\classnum@=\count91
\DOTSCASE@=\count92
LaTeX Info: Redefining \ldots on input line 378.
LaTeX Info: Redefining \dots on input line 381.
LaTeX Info: Redefining \cdots on input line 466.
\Mathstrutbox@=\box26
\strutbox@=\box27
\big@size=\dimen105
LaTeX Font Info:    Redeclaring font encoding OML on input line 566.
LaTeX Font Info:    Redeclaring font encoding OMS on input line 567.
\macc@depth=\count93
\c@MaxMatrixCols=\count94
\dotsspace@=\muskip10
\c@parentequation=\count95
\dspbrk@lvl=\count96
\tag@help=\toks15
\row@=\count97
\column@=\count98
\maxfields@=\count99
\andhelp@=\toks16
\eqnshift@=\dimen106
\alignsep@=\dimen107
\tagshift@=\dimen108
\tagwidth@=\dimen109
\totwidth@=\dimen110
\lineht@=\dimen111
\@envbody=\toks17
\multlinegap=\skip44
\multlinetaggap=\skip45
\mathdisplay@stack=\toks18
LaTeX Info: Redefining \[ on input line 2665.
LaTeX Info: Redefining \] on input line 2666.
)
(H:\MikTeX\tex\latex\graphics\graphicx.sty
Package: graphicx 1999/02/16 v1.0f Enhanced LaTeX Graphics (DPC,SPQR)

(H:\MikTeX\tex\latex\graphics\keyval.sty
Package: keyval 1999/03/16 v1.13 key=value parser (DPC)
\KV@toks@=\toks19
)
(H:\MikTeX\tex\latex\graphics\graphics.sty
Package: graphics 2009/02/05 v1.0o Standard LaTeX Graphics (DPC,SPQR)

(H:\MikTeX\tex\latex\graphics\trig.sty
Package: trig 1999/03/16 v1.09 sin cos tan (DPC)
)
(H:\MikTeX\tex\latex\00miktex\graphics.cfg
File: graphics.cfg 2007/01/18 v1.5 graphics configuration of teTeX/TeXLive
)
Package graphics Info: Driver file: pdftex.def on input line 91.

(H:\MikTeX\tex\latex\pdftex-def\pdftex.def
File: pdftex.def 2011/05/27 v0.06d Graphics/color for pdfTeX

(H:\MikTeX\tex\generic\oberdiek\infwarerr.sty
Package: infwarerr 2010/04/08 v1.3 Providing info/warning/error messages (HO)
)
(H:\MikTeX\tex\generic\oberdiek\ltxcmds.sty
Package: ltxcmds 2011/11/09 v1.22 LaTeX kernel commands for general use (HO)
)
\Gread@gobject=\count100
))
\Gin@req@height=\dimen112
\Gin@req@width=\dimen113
)
(H:\MikTeX\tex\latex\geometry\geometry.sty
Package: geometry 2010/09/12 v5.6 Page Geometry

(H:\MikTeX\tex\generic\oberdiek\ifpdf.sty
Package: ifpdf 2011/01/30 v2.3 Provides the ifpdf switch (HO)
Package ifpdf Info: pdfTeX in PDF mode is detected.
)
(H:\MikTeX\tex\generic\oberdiek\ifvtex.sty
Package: ifvtex 2010/03/01 v1.5 Detect VTeX and its facilities (HO)
Package ifvtex Info: VTeX not detected.
)
(H:\MikTeX\tex\generic\ifxetex\ifxetex.sty
Package: ifxetex 2010/09/12 v0.6 Provides ifxetex conditional
)
\Gm@cnth=\count101
\Gm@cntv=\count102
\c@Gm@tempcnt=\count103
\Gm@bindingoffset=\dimen114
\Gm@wd@mp=\dimen115
\Gm@odd@mp=\dimen116
\Gm@even@mp=\dimen117
\Gm@layoutwidth=\dimen118
\Gm@layoutheight=\dimen119
\Gm@layouthoffset=\dimen120
\Gm@layoutvoffset=\dimen121
\Gm@dimlist=\toks20

(H:\MikTeX\tex\latex\geometry\geometry.cfg))
(C:\Users\AKS\AppData\Roaming\MiKTeX\2.9\tex\latex\caption\subcaption.sty
Package: subcaption 2013/02/03 v1.1-62 Sub-captions (AR)

(C:\Users\AKS\AppData\Roaming\MiKTeX\2.9\tex\latex\caption\caption.sty
Package: caption 2013/05/02 v3.3-89 Customizing captions (AR)

(C:\Users\AKS\AppData\Roaming\MiKTeX\2.9\tex\latex\caption\caption3.sty
Package: caption3 2013/05/02 v1.6-88 caption3 kernel (AR)
Package caption3 Info: TeX engine: e-TeX on input line 57.
\captionmargin=\dimen122
\captionmargin@=\dimen123
\captionwidth=\dimen124
\caption@tempdima=\dimen125
\caption@indent=\dimen126
\caption@parindent=\dimen127
\caption@hangindent=\dimen128
)
\c@ContinuedFloat=\count104
)
\c@subfigure=\count105
\c@subtable=\count106
)
(H:\MikTeX\tex\latex\tools\verbatim.sty
Package: verbatim 2003/08/22 v1.5q LaTeX2e package for verbatim enhancements
\every@verbatim=\toks21
\verbatim@line=\toks22
\verbatim@in@stream=\read1
)
(H:\MikTeX\tex\latex\tools\indentfirst.sty
Package: indentfirst 1995/11/23 v1.03 Indent first paragraph (DPC)
)
("H:\Dropbox\Research\Thesis Drafts\TeX\30Apr2018_Draft1.aux")
LaTeX Font Info:    Checking defaults for OML/cmm/m/it on input line 24.
LaTeX Font Info:    ... okay on input line 24.
LaTeX Font Info:    Checking defaults for T1/cmr/m/n on input line 24.
LaTeX Font Info:    ... okay on input line 24.
LaTeX Font Info:    Checking defaults for OT1/cmr/m/n on input line 24.
LaTeX Font Info:    ... okay on input line 24.
LaTeX Font Info:    Checking defaults for OMS/cmsy/m/n on input line 24.
LaTeX Font Info:    ... okay on input line 24.
LaTeX Font Info:    Checking defaults for OMX/cmex/m/n on input line 24.
LaTeX Font Info:    ... okay on input line 24.
LaTeX Font Info:    Checking defaults for U/cmr/m/n on input line 24.
LaTeX Font Info:    ... okay on input line 24.

(C:\Users\AKS\AppData\Roaming\MiKTeX\2.9\tex\context\base\supp-pdf.mkii
[Loading MPS to PDF converter (version 2006.09.02).]
\scratchcounter=\count107
\scratchdimen=\dimen129
\scratchbox=\box28
\nofMPsegments=\count108
\nofMParguments=\count109
\everyMPshowfont=\toks23
\MPscratchCnt=\count110
\MPscratchDim=\dimen130
\MPnumerator=\count111
\makeMPintoPDFobject=\count112
\everyMPtoPDFconversion=\toks24
)
*geometry* driver: auto-detecting
*geometry* detected driver: pdftex
*geometry* verbose mode - [ preamble ] result:
* driver: pdftex
* paper: <default>
* layout: <same size as paper>
* layoutoffset:(h,v)=(0.0pt,0.0pt)
* modes: 
* h-part:(L,W,R)=(92.14519pt, 430.00462pt, 92.14519pt)
* v-part:(T,H,B)=(95.39737pt, 556.47656pt, 143.09605pt)
* \paperwidth=614.295pt
* \paperheight=794.96999pt
* \textwidth=430.00462pt
* \textheight=556.47656pt
* \oddsidemargin=19.8752pt
* \evensidemargin=19.8752pt
* \topmargin=-13.87262pt
* \headheight=12.0pt
* \headsep=25.0pt
* \topskip=12.0pt
* \footskip=30.0pt
* \marginparwidth=44.0pt
* \marginparsep=10.0pt
* \columnsep=10.0pt
* \skip\footins=10.8pt plus 4.0pt minus 2.0pt
* \hoffset=0.0pt
* \voffset=0.0pt
* \mag=1000
* \@twocolumnfalse
* \@twosidefalse
* \@mparswitchfalse
* \@reversemarginfalse
* (1in=72.27pt=25.4mm, 1cm=28.453pt)

Package caption Info: Begin \AtBeginDocument code.
Package caption Info: End \AtBeginDocument code.
Missing character: There is no ƒ in font cmr12!
Missing character: There is no ç in font cmr12!
[1


{C:/Users/AKS/AppData/Local/MiKTeX/2.9/pdftex/config/pdftex.map}] [2]
[3] [4]
Underfull \hbox (badness 10000) in paragraph at lines 183--191

 []


<H:/Dropbox/Research/Experiment/Results/PMMA_SensCoeff.png, id=23, 426.75435pt 
x 426.75435pt>
File: H:/Dropbox/Research/Experiment/Results/PMMA_SensCoeff.png Graphic file (t
ype png)
 <use H:/Dropbox/Research/Experiment/Results/PMMA_SensCoeff.png>
Package pdftex.def Info: H:/Dropbox/Research/Experiment/Results/PMMA_SensCoeff.
png used on input line 316.
(pdftex.def)             Requested size: 199.16803pt x 199.16803pt.

<H:/Dropbox/Research/Experiment/Results/PMMA_std_diff_NOerror_GREYSCALE.png, id
=25, 426.75435pt x 426.75435pt>
File: H:/Dropbox/Research/Experiment/Results/PMMA_std_diff_NOerror_GREYSCALE.pn
g Graphic file (type png)

<use H:/Dropbox/Research/Experiment/Results/PMMA_std_diff_NOerror_GREYSCALE.png
>
Package pdftex.def Info: H:/Dropbox/Research/Experiment/Results/PMMA_std_diff_N
Oerror_GREYSCALE.png used on input line 321.
(pdftex.def)             Requested size: 199.16803pt x 199.16803pt.

<H:/Dropbox/Research/Experiment/Results/PMMA_std_diff_NOerror_alpha_GREYSCALE.p
ng, id=26, 426.75435pt x 426.75435pt>
File: H:/Dropbox/Research/Experiment/Results/PMMA_std_diff_NOerror_alpha_GREYSC
ALE.png Graphic file (type png)

<use H:/Dropbox/Research/Experiment/Results/PMMA_std_diff_NOerror_alpha_GREYSCA
LE.png>
Package pdftex.def Info: H:/Dropbox/Research/Experiment/Results/PMMA_std_diff_N
Oerror_alpha_GREYSCALE.png used on input line 326.
(pdftex.def)             Requested size: 199.16803pt x 199.16803pt.

<H:/Dropbox/Research/Experiment/Results/PMMA_std_witherror_GREYSCALE.png, id=27
, 426.75435pt x 426.75435pt>
File: H:/Dropbox/Research/Experiment/Results/PMMA_std_witherror_GREYSCALE.png G
raphic file (type png)

<use H:/Dropbox/Research/Experiment/Results/PMMA_std_witherror_GREYSCALE.png>
Package pdftex.def Info: H:/Dropbox/Research/Experiment/Results/PMMA_std_wither
ror_GREYSCALE.png used on input line 337.
(pdftex.def)             Requested size: 199.16803pt x 199.16803pt.

<H:/Dropbox/Research/Experiment/Results/PMMA_diff_witherror_GREYSCALE.png, id=2
8, 426.75435pt x 426.75435pt>
File: H:/Dropbox/Research/Experiment/Results/PMMA_diff_witherror_GREYSCALE.png 
Graphic file (type png)

<use H:/Dropbox/Research/Experiment/Results/PMMA_diff_witherror_GREYSCALE.png>
Package pdftex.def Info: H:/Dropbox/Research/Experiment/Results/PMMA_diff_withe
rror_GREYSCALE.png used on input line 342.
(pdftex.def)             Requested size: 199.16803pt x 199.16803pt.

<H:/Dropbox/Research/Experiment/Results/PMMA_std_witherror_alpha_GREYSCALE.png,
 id=29, 426.75435pt x 426.75435pt>
File: H:/Dropbox/Research/Experiment/Results/PMMA_std_witherror_alpha_GREYSCALE
.png Graphic file (type png)

<use H:/Dropbox/Research/Experiment/Results/PMMA_std_witherror_alpha_GREYSCALE.
png>
Package pdftex.def Info: H:/Dropbox/Research/Experiment/Results/PMMA_std_wither
ror_alpha_GREYSCALE.png used on input line 347.
(pdftex.def)             Requested size: 199.16803pt x 199.16803pt.

<H:/Dropbox/Research/Experiment/Results/PMMA_diff_witherror_alpha_GREYSCALE.png
, id=30, 426.75435pt x 426.75435pt>
File: H:/Dropbox/Research/Experiment/Results/PMMA_diff_witherror_alpha_GREYSCAL
E.png Graphic file (type png)

<use H:/Dropbox/Research/Experiment/Results/PMMA_diff_witherror_alpha_GREYSCALE
.png>
Package pdftex.def Info: H:/Dropbox/Research/Experiment/Results/PMMA_diff_withe
rror_alpha_GREYSCALE.png used on input line 352.
(pdftex.def)             Requested size: 199.16803pt x 199.16803pt.

<H:/Dropbox/Research/Experiment/Results/XPS_SensCoeff.png, id=31, 426.75435pt x
 426.75435pt>
File: H:/Dropbox/Research/Experiment/Results/XPS_SensCoeff.png Graphic file (ty
pe png)
 <use H:/Dropbox/Research/Experiment/Results/XPS_SensCoeff.png>
Package pdftex.def Info: H:/Dropbox/Research/Experiment/Results/XPS_SensCoeff.p
ng used on input line 364.
(pdftex.def)             Requested size: 199.16803pt x 199.16803pt.

<H:/Dropbox/Research/Experiment/Results/XPS_std_diff_NOerror_GREYSCALE.png, id=
32, 426.75435pt x 426.75435pt>
File: H:/Dropbox/Research/Experiment/Results/XPS_std_diff_NOerror_GREYSCALE.png
 Graphic file (type png)

<use H:/Dropbox/Research/Experiment/Results/XPS_std_diff_NOerror_GREYSCALE.png>
Package pdftex.def Info: H:/Dropbox/Research/Experiment/Results/XPS_std_diff_NO
error_GREYSCALE.png used on input line 369.
(pdftex.def)             Requested size: 199.16803pt x 199.16803pt.

<H:/Dropbox/Research/Experiment/Results/XPS_std_diff_NOerror_alpha_GREYSCALE.pn
g, id=33, 426.75435pt x 426.75435pt>
File: H:/Dropbox/Research/Experiment/Results/XPS_std_diff_NOerror_alpha_GREYSCA
LE.png Graphic file (type png)

<use H:/Dropbox/Research/Experiment/Results/XPS_std_diff_NOerror_alpha_GREYSCAL
E.png>
Package pdftex.def Info: H:/Dropbox/Research/Experiment/Results/XPS_std_diff_NO
error_alpha_GREYSCALE.png used on input line 374.
(pdftex.def)             Requested size: 199.16803pt x 199.16803pt.

<H:/Dropbox/Research/Experiment/Results/XPS_std_witherror_GREYSCALE.png, id=34,
 426.75435pt x 426.75435pt>
File: H:/Dropbox/Research/Experiment/Results/XPS_std_witherror_GREYSCALE.png Gr
aphic file (type png)

<use H:/Dropbox/Research/Experiment/Results/XPS_std_witherror_GREYSCALE.png>
Package pdftex.def Info: H:/Dropbox/Research/Experiment/Results/XPS_std_witherr
or_GREYSCALE.png used on input line 385.
(pdftex.def)             Requested size: 199.16803pt x 199.16803pt.

<H:/Dropbox/Research/Experiment/Results/XPS_diff_witherror_GREYSCALE.png, id=35
, 426.75435pt x 426.75435pt>
File: H:/Dropbox/Research/Experiment/Results/XPS_diff_witherror_GREYSCALE.png G
raphic file (type png)

<use H:/Dropbox/Research/Experiment/Results/XPS_diff_witherror_GREYSCALE.png>
Package pdftex.def Info: H:/Dropbox/Research/Experiment/Results/XPS_diff_wither
ror_GREYSCALE.png used on input line 390.
(pdftex.def)             Requested size: 199.16803pt x 199.16803pt.

<H:/Dropbox/Research/Experiment/Results/XPS_std_witherror_alpha_GREYSCALE.png, 
id=36, 426.75435pt x 426.75435pt>
File: H:/Dropbox/Research/Experiment/Results/XPS_std_witherror_alpha_GREYSCALE.
png Graphic file (type png)

<use H:/Dropbox/Research/Experiment/Results/XPS_std_witherror_alpha_GREYSCALE.p
ng>
Package pdftex.def Info: H:/Dropbox/Research/Experiment/Results/XPS_std_witherr
or_alpha_GREYSCALE.png used on input line 395.
(pdftex.def)             Requested size: 199.16803pt x 199.16803pt.

<H:/Dropbox/Research/Experiment/Results/XPS_diff_witherror_alpha_GREYSCALE.png,
 id=37, 426.75435pt x 426.75435pt>
File: H:/Dropbox/Research/Experiment/Results/XPS_diff_witherror_alpha_GREYSCALE
.png Graphic file (type png)

<use H:/Dropbox/Research/Experiment/Results/XPS_diff_witherror_alpha_GREYSCALE.
png>
Package pdftex.def Info: H:/Dropbox/Research/Experiment/Results/XPS_diff_wither
ror_alpha_GREYSCALE.png used on input line 400.
(pdftex.def)             Requested size: 199.16803pt x 199.16803pt.
File: H:/Dropbox/Research/Experiment/Results/XPS_SensCoeff.png Graphic file (ty
pe png)
 <use H:/Dropbox/Research/Experiment/Results/XPS_SensCoeff.png>
Package pdftex.def Info: H:/Dropbox/Research/Experiment/Results/XPS_SensCoeff.p
ng used on input line 412.
(pdftex.def)             Requested size: 199.16803pt x 199.16803pt.
File: H:/Dropbox/Research/Experiment/Results/XPS_std_diff_NOerror_GREYSCALE.png
 Graphic file (type png)

<use H:/Dropbox/Research/Experiment/Results/XPS_std_diff_NOerror_GREYSCALE.png>
Package pdftex.def Info: H:/Dropbox/Research/Experiment/Results/XPS_std_diff_NO
error_GREYSCALE.png used on input line 417.
(pdftex.def)             Requested size: 199.16803pt x 199.16803pt.
File: H:/Dropbox/Research/Experiment/Results/XPS_std_witherror_GREYSCALE.png Gr
aphic file (type png)
<use H:/Dropbox/Research/Experiment/Results/XPS_std_witherror_GREYSCALE.png>
Package pdftex.def Info: H:/Dropbox/Research/Experiment/Results/XPS_std_witherr
or_GREYSCALE.png used on input line 422.
(pdftex.def)             Requested size: 199.16803pt x 199.16803pt.
File: H:/Dropbox/Research/Experiment/Results/XPS_diff_witherror_GREYSCALE.png G
raphic file (type png)

<use H:/Dropbox/Research/Experiment/Results/XPS_diff_witherror_GREYSCALE.png>
Package pdftex.def Info: H:/Dropbox/Research/Experiment/Results/XPS_diff_wither
ror_GREYSCALE.png used on input line 427.
(pdftex.def)             Requested size: 199.16803pt x 199.16803pt.

<H:/Dropbox/Research/Experiment/Results/Straw_SensCoeff.png, id=38, 426.75435pt
 x 426.75435pt>
File: H:/Dropbox/Research/Experiment/Results/Straw_SensCoeff.png Graphic file (
type png)

<use H:/Dropbox/Research/Experiment/Results/Straw_SensCoeff.png>
Package pdftex.def Info: H:/Dropbox/Research/Experiment/Results/Straw_SensCoeff
.png used on input line 439.
(pdftex.def)             Requested size: 199.16803pt x 199.16803pt.

<H:/Dropbox/Research/Experiment/Results/Straw_std_diff_NOerror_GREYSCALE.png, i
d=39, 426.75435pt x 426.75435pt>
File: H:/Dropbox/Research/Experiment/Results/Straw_std_diff_NOerror_GREYSCALE.p
ng Graphic file (type png)

<use H:/Dropbox/Research/Experiment/Results/Straw_std_diff_NOerror_GREYSCALE.pn
g>
Package pdftex.def Info: H:/Dropbox/Research/Experiment/Results/Straw_std_diff_
NOerror_GREYSCALE.png used on input line 444.
(pdftex.def)             Requested size: 199.16803pt x 199.16803pt.

<H:/Dropbox/Research/Experiment/Results/Straw_std_diff_NOerror_alpha_GREYSCALE.
png, id=40, 426.75435pt x 426.75435pt>
File: H:/Dropbox/Research/Experiment/Results/Straw_std_diff_NOerror_alpha_GREYS
CALE.png Graphic file (type png)

<use H:/Dropbox/Research/Experiment/Results/Straw_std_diff_NOerror_alpha_GREYSC
ALE.png>
Package pdftex.def Info: H:/Dropbox/Research/Experiment/Results/Straw_std_diff_
NOerror_alpha_GREYSCALE.png used on input line 449.
(pdftex.def)             Requested size: 199.16803pt x 199.16803pt.

<H:/Dropbox/Research/Experiment/Results/Straw_std_witherror_GREYSCALE.png, id=4
1, 426.75435pt x 426.75435pt>
File: H:/Dropbox/Research/Experiment/Results/Straw_std_witherror_GREYSCALE.png 
Graphic file (type png)

<use H:/Dropbox/Research/Experiment/Results/Straw_std_witherror_GREYSCALE.png>
Package pdftex.def Info: H:/Dropbox/Research/Experiment/Results/Straw_std_withe
rror_GREYSCALE.png used on input line 460.
(pdftex.def)             Requested size: 199.16803pt x 199.16803pt.

<H:/Dropbox/Research/Experiment/Results/Straw_diff_witherror_GREYSCALE.png, id=
42, 426.75435pt x 426.75435pt>
File: H:/Dropbox/Research/Experiment/Results/Straw_diff_witherror_GREYSCALE.png
 Graphic file (type png)

<use H:/Dropbox/Research/Experiment/Results/Straw_diff_witherror_GREYSCALE.png>
Package pdftex.def Info: H:/Dropbox/Research/Experiment/Results/Straw_diff_with
error_GREYSCALE.png used on input line 465.
(pdftex.def)             Requested size: 199.16803pt x 199.16803pt.

<H:/Dropbox/Research/Experiment/Results/Straw_std_witherror_alpha_GREYSCALE.png
, id=43, 426.75435pt x 426.75435pt>
File: H:/Dropbox/Research/Experiment/Results/Straw_std_witherror_alpha_GREYSCAL
E.png Graphic file (type png)

<use H:/Dropbox/Research/Experiment/Results/Straw_std_witherror_alpha_GREYSCALE
.png>
Package pdftex.def Info: H:/Dropbox/Research/Experiment/Results/Straw_std_withe
rror_alpha_GREYSCALE.png used on input line 470.
(pdftex.def)             Requested size: 199.16803pt x 199.16803pt.

<H:/Dropbox/Research/Experiment/Results/Straw_diff_witherror_alpha_GREYSCALE.pn
g, id=44, 426.75435pt x 426.75435pt>
File: H:/Dropbox/Research/Experiment/Results/Straw_diff_witherror_alpha_GREYSCA
LE.png Graphic file (type png)

<use H:/Dropbox/Research/Experiment/Results/Straw_diff_witherror_alpha_GREYSCAL
E.png>
Package pdftex.def Info: H:/Dropbox/Research/Experiment/Results/Straw_diff_with
error_alpha_GREYSCALE.png used on input line 475.
(pdftex.def)             Requested size: 199.16803pt x 199.16803pt.
File: H:/Dropbox/Research/Experiment/Results/Straw_SensCoeff.png Graphic file (
type png)
 <use H:/Dropbox/Research/Experiment/Results/Straw_SensCoeff.png>
Package pdftex.def Info: H:/Dropbox/Research/Experiment/Results/Straw_SensCoeff
.png used on input line 487.
(pdftex.def)             Requested size: 199.16803pt x 199.16803pt.
File: H:/Dropbox/Research/Experiment/Results/Straw_std_diff_NOerror_GREYSCALE.p
ng Graphic file (type png)

<use H:/Dropbox/Research/Experiment/Results/Straw_std_diff_NOerror_GREYSCALE.pn
g>
Package pdftex.def Info: H:/Dropbox/Research/Experiment/Results/Straw_std_diff_
NOerror_GREYSCALE.png used on input line 492.
(pdftex.def)             Requested size: 199.16803pt x 199.16803pt.
File: H:/Dropbox/Research/Experiment/Results/Straw_std_witherror_GREYSCALE.png 
Graphic file (type png)

<use H:/Dropbox/Research/Experiment/Results/Straw_std_witherror_GREYSCALE.png>
Package pdftex.def Info: H:/Dropbox/Research/Experiment/Results/Straw_std_withe
rror_GREYSCALE.png used on input line 497.
(pdftex.def)             Requested size: 199.16803pt x 199.16803pt.
File: H:/Dropbox/Research/Experiment/Results/Straw_diff_witherror_GREYSCALE.png
 Graphic file (type png)

<use H:/Dropbox/Research/Experiment/Results/Straw_diff_witherror_GREYSCALE.png>
Package pdftex.def Info: H:/Dropbox/Research/Experiment/Results/Straw_diff_with
error_GREYSCALE.png used on input line 502.
(pdftex.def)             Requested size: 199.16803pt x 199.16803pt.
[5] [6 <H:/Dropbox/Research/Experiment/Results/PMMA_SensCoeff.png> <H:/Dropbox/
Research/Experiment/Results/PMMA_std_diff_NOerror_GREYSCALE.png> <H:/Dropbox/Re
search/Experiment/Results/PMMA_std_diff_NOerror_alpha_GREYSCALE.png>] [7 <H:/Dr
opbox/Research/Experiment/Results/PMMA_std_witherror_GREYSCALE.png> <H:/Dropbox
/Research/Experiment/Results/PMMA_diff_witherror_GREYSCALE.png> <H:/Dropbox/Res
earch/Experiment/Results/PMMA_std_witherror_alpha_GREYSCALE.png> <H:/Dropbox/Re
search/Experiment/Results/PMMA_diff_witherror_alpha_GREYSCALE.png>] [8 <H:/Drop
box/Research/Experiment/Results/XPS_SensCoeff.png> <H:/Dropbox/Research/Experim
ent/Results/XPS_std_diff_NOerror_GREYSCALE.png> <H:/Dropbox/Research/Experiment
/Results/XPS_std_diff_NOerror_alpha_GREYSCALE.png>] [9 <H:/Dropbox/Research/Exp
eriment/Results/XPS_std_witherror_GREYSCALE.png> <H:/Dropbox/Research/Experimen
t/Results/XPS_diff_witherror_GREYSCALE.png> <H:/Dropbox/Research/Experiment/Res
ults/XPS_std_witherror_alpha_GREYSCALE.png> <H:/Dropbox/Research/Experiment/Res
ults/XPS_diff_witherror_alpha_GREYSCALE.png>] [10] [11 <H:/Dropbox/Research/Exp
eriment/Results/Straw_SensCoeff.png> <H:/Dropbox/Research/Experiment/Results/St
raw_std_diff_NOerror_GREYSCALE.png> <H:/Dropbox/Research/Experiment/Results/Str
aw_std_diff_NOerror_alpha_GREYSCALE.png>] [12 <H:/Dropbox/Research/Experiment/R
esults/Straw_std_witherror_GREYSCALE.png> <H:/Dropbox/Research/Experiment/Resul
ts/Straw_diff_witherror_GREYSCALE.png> <H:/Dropbox/Research/Experiment/Results/
Straw_std_witherror_alpha_GREYSCALE.png> <H:/Dropbox/Research/Experiment/Result
s/Straw_diff_witherror_alpha_GREYSCALE.png>] [13] [14]
("H:\Dropbox\Research\Thesis Drafts\TeX\30Apr2018_Draft1.aux") ) 
Here is how much of TeX's memory you used:
 3486 strings out of 493921
 56238 string characters out of 3144882
 133209 words of memory out of 3000000
 6749 multiletter control sequences out of 15000+200000
 9167 words of font info for 33 fonts, out of 3000000 for 9000
 841 hyphenation exceptions out of 8191
 42i,9n,40p,805b,440s stack positions out of 5000i,500n,10000p,200000b,50000s
<H:/MikTeX/font
s/type1/public/amsfonts/cm/cmbx12.pfb><H:/MikTeX/fonts/type1/public/amsfonts/cm
/cmex10.pfb><H:/MikTeX/fonts/type1/public/amsfonts/cm/cmmi12.pfb><H:/MikTeX/fon
ts/type1/public/amsfonts/cm/cmmi8.pfb><H:/MikTeX/fonts/type1/public/amsfonts/cm
/cmr10.pfb><H:/MikTeX/fonts/type1/public/amsfonts/cm/cmr12.pfb><H:/MikTeX/fonts
/type1/public/amsfonts/cm/cmr8.pfb><H:/MikTeX/fonts/type1/public/amsfonts/cm/cm
sy10.pfb><H:/MikTeX/fonts/type1/public/amsfonts/cm/cmsy6.pfb><H:/MikTeX/fonts/t
ype1/public/amsfonts/cm/cmsy8.pfb>
Output written on 30Apr2018_Draft1.pdf (14 pages, 4186481 bytes).
PDF statistics:
 131 PDF objects out of 1000 (max. 8388607)
 0 named destinations out of 1000 (max. 500000)
 106 words of extra memory for PDF output out of 10000 (max. 10000000)

