This is pdfTeX, Version 3.141592653-2.6-1.40.22 (MiKTeX 21.3) (preloaded format=pdflatex 2021.4.30)  1 MAY 2021 12:00
entering extended mode
**./document1.tex
(document1.tex
LaTeX2e <2020-10-01> patch level 4
L3 programming layer <2021-02-18> (F:\MiKTeX\tex/latex/base\article.cls
Document Class: article 2020/04/10 v1.4m Standard LaTeX document class
(F:\MiKTeX\tex/latex/base\size12.clo
File: size12.clo 2020/04/10 v1.4m Standard LaTeX file (size option)
)
\c@part=\count179
\c@section=\count180
\c@subsection=\count181
\c@subsubsection=\count182
\c@paragraph=\count183
\c@subparagraph=\count184
\c@figure=\count185
\c@table=\count186
\abovecaptionskip=\skip47
\belowcaptionskip=\skip48
\bibindent=\dimen138
) (F:\MiKTeX\tex/latex/lipsum\lipsum.sty
(F:\MiKTeX\tex/latex/l3kernel\expl3.sty
Package: expl3 2021-02-18 L3 programming layer (loader) 

(F:\MiKTeX\tex/latex/l3backend\l3backend-pdftex.def
File: l3backend-pdftex.def 2021-03-18 L3 backend support: PDF output (pdfTeX)
\l__color_backend_stack_int=\count187
\l__pdf_internal_box=\box47
))
(F:\MiKTeX\tex/latex/l3packages/xparse\xparse.sty
(F:\MiKTeX\tex/latex/l3packages/xparse\xparse-2020-10-01.sty
(F:\MiKTeX\tex/latex/l3packages/xparse\xparse-generic.tex)))
Package: lipsum 2021-03-03 v2.3 150 paragraphs of Lorem Ipsum dummy text

(F:\MiKTeX\tex/latex/lipsum\lipsum.ltd.tex
File: lipsum.ltd.tex 2021-03-03 v2.3 The Lorem ipsum dummy text
)) (document1.aux)
\openout1 = `document1.aux'.

LaTeX Font Info:    Checking defaults for OML/cmm/m/it on input line 6.
LaTeX Font Info:    ... okay on input line 6.
LaTeX Font Info:    Checking defaults for OMS/cmsy/m/n on input line 6.
LaTeX Font Info:    ... okay on input line 6.
LaTeX Font Info:    Checking defaults for OT1/cmr/m/n on input line 6.
LaTeX Font Info:    ... okay on input line 6.
LaTeX Font Info:    Checking defaults for T1/cmr/m/n on input line 6.
LaTeX Font Info:    ... okay on input line 6.
LaTeX Font Info:    Checking defaults for TS1/cmr/m/n on input line 6.
LaTeX Font Info:    ... okay on input line 6.
LaTeX Font Info:    Checking defaults for OMX/cmex/m/n on input line 6.
LaTeX Font Info:    ... okay on input line 6.
LaTeX Font Info:    Checking defaults for U/cmr/m/n on input line 6.
LaTeX Font Info:    ... okay on input line 6.
 [1

{C:/Users/aksab/AppData/Local/MiKTeX/pdftex/config/pdftex.map}] (document1.aux)
 ) 
Here is how much of TeX's memory you used:
 606 strings out of 479321
 12594 string characters out of 2873173
 556736 words of memory out of 3000000
 18131 multiletter control sequences out of 15000+600000
 404334 words of font info for 30 fonts, out of 8000000 for 9000
 1141 hyphenation exceptions out of 8191
 71i,4n,75p,189b,143s stack positions out of 5000i,500n,10000p,200000b,80000s
<F:/MiKTeX/fonts/type1/public/amsfonts/cm/cmbx12.pfb><F:/MiKTeX/fonts/type1/p
ublic/amsfonts/cm/cmr12.pfb>
Output written on document1.pdf (1 page, 25744 bytes).
PDF statistics:
 14 PDF objects out of 1000 (max. 8388607)
 0 named destinations out of 1000 (max. 500000)
 1 words of extra memory for PDF output out of 10000 (max. 10000000)

